2022-08-02 18:26:29,288 [NonParallelWorker] INFO TideSpecflowProject.Utility.Log4Net - FeatureWebsites
2022-08-02 18:26:31,250 [NonParallelWorker] INFO TideSpecflowProject.Utility.Log4Net - IntializeDriver
2022-08-02 18:26:31,252 [NonParallelWorker] INFO TideSpecflowProject.Utility.Log4Net - FeatureWebsites
2022-08-02 18:26:34,533 [NonParallelWorker] INFO TideSpecflowProject.Utility.Log4Net - NavigateURL
2022-08-02 18:26:40,977 [NonParallelWorker] INFO TideSpecflowProject.Utility.Log4Net - ClickButton
2022-08-02 18:26:47,460 [NonParallelWorker] INFO TideSpecflowProject.Utility.Log4Net - IntializeDriver
2022-08-02 18:26:47,460 [NonParallelWorker] INFO TideSpecflowProject.Utility.Log4Net - FeatureWebsites
2022-08-02 18:26:49,727 [NonParallelWorker] INFO TideSpecflowProject.Utility.Log4Net - NavigateURL
2022-08-02 18:26:50,178 [NonParallelWorker] INFO TideSpecflowProject.Utility.Log4Net - ClickCouponsAndRewards
2022-08-02 18:26:52,656 [NonParallelWorker] INFO TideSpecflowProject.Utility.Log4Net - IntializeDriver
2022-08-02 18:26:52,656 [NonParallelWorker] INFO TideSpecflowProject.Utility.Log4Net - FeatureWebsites
2022-08-02 18:26:56,361 [NonParallelWorker] INFO TideSpecflowProject.Utility.Log4Net - NavigateURL
2022-08-02 18:27:02,616 [NonParallelWorker] INFO TideSpecflowProject.Utility.Log4Net - ClickButton
2022-08-02 18:27:04,535 [NonParallelWorker] INFO TideSpecflowProject.Utility.Log4Net - ChooseLanguage
2022-08-02 18:27:07,114 [NonParallelWorker] INFO TideSpecflowProject.Utility.Log4Net - IntializeDriver
2022-08-02 18:27:07,115 [NonParallelWorker] INFO TideSpecflowProject.Utility.Log4Net - FeatureWebsites
2022-08-02 18:27:10,828 [NonParallelWorker] INFO TideSpecflowProject.Utility.Log4Net - NavigateURL
2022-08-02 18:27:17,381 [NonParallelWorker] INFO TideSpecflowProject.Utility.Log4Net - ClickButton
2022-08-02 18:27:18,583 [NonParallelWorker] INFO TideSpecflowProject.Utility.Log4Net - ScrollToElement
2022-08-02 18:27:25,132 [NonParallelWorker] INFO TideSpecflowProject.Utility.Log4Net - IntializeDriver
2022-08-02 18:27:25,132 [NonParallelWorker] INFO TideSpecflowProject.Utility.Log4Net - FeatureWebsites
2022-08-02 18:27:28,603 [NonParallelWorker] INFO TideSpecflowProject.Utility.Log4Net - NavigateURL
2022-08-02 18:27:35,043 [NonParallelWorker] INFO TideSpecflowProject.Utility.Log4Net - ClickOnLiveChat
2022-08-02 18:27:35,288 [NonParallelWorker] INFO TideSpecflowProject.Utility.Log4Net - ScrollToElement
2022-08-02 18:27:37,455 [NonParallelWorker] INFO TideSpecflowProject.Utility.Log4Net - IntializeDriver
2022-08-02 18:27:37,455 [NonParallelWorker] INFO TideSpecflowProject.Utility.Log4Net - FeatureWebsites
2022-08-02 18:27:41,402 [NonParallelWorker] INFO TideSpecflowProject.Utility.Log4Net - NavigateURL
2022-08-02 18:27:47,922 [NonParallelWorker] INFO TideSpecflowProject.Utility.Log4Net - ClickButton
2022-08-02 18:27:54,279 [NonParallelWorker] INFO TideSpecflowProject.Utility.Log4Net - IntializeDriver
2022-08-02 18:27:54,279 [NonParallelWorker] INFO TideSpecflowProject.Utility.Log4Net - FeatureWebsites
2022-08-02 18:27:58,188 [NonParallelWorker] INFO TideSpecflowProject.Utility.Log4Net - NavigateURL
2022-08-02 18:28:07,157 [NonParallelWorker] INFO TideSpecflowProject.Utility.Log4Net - ClickButton
2022-08-02 18:28:13,255 [NonParallelWorker] INFO TideSpecflowProject.Utility.Log4Net - ExploreTheReport
2022-08-02 18:28:15,584 [NonParallelWorker] INFO TideSpecflowProject.Utility.Log4Net - IntializeDriver
2022-08-02 18:28:15,584 [NonParallelWorker] INFO TideSpecflowProject.Utility.Log4Net - FeatureWebsites
2022-08-02 18:28:19,252 [NonParallelWorker] INFO TideSpecflowProject.Utility.Log4Net - NavigateURL
2022-08-02 18:28:25,463 [NonParallelWorker] INFO TideSpecflowProject.Utility.Log4Net - ClickOnSearchBar
2022-08-02 18:28:26,385 [NonParallelWorker] INFO TideSpecflowProject.Utility.Log4Net - PutValueInSearchBar
2022-08-02 18:28:28,820 [NonParallelWorker] INFO TideSpecflowProject.Utility.Log4Net - IntializeDriver
2022-08-02 18:28:28,820 [NonParallelWorker] INFO TideSpecflowProject.Utility.Log4Net - FeatureWebsites
2022-08-02 18:28:32,716 [NonParallelWorker] INFO TideSpecflowProject.Utility.Log4Net - NavigateURL
2022-08-02 18:28:36,266 [NonParallelWorker] INFO TideSpecflowProject.Utility.Log4Net - ClickButton
2022-08-02 18:28:56,549 [NonParallelWorker] INFO TideSpecflowProject.Utility.Log4Net - SelectProduct
2022-08-02 18:29:03,151 [NonParallelWorker] INFO TideSpecflowProject.Utility.Log4Net - IntializeDriver
2022-08-02 18:29:03,152 [NonParallelWorker] INFO TideSpecflowProject.Utility.Log4Net - FeatureWebsites
2022-08-02 18:29:07,817 [NonParallelWorker] INFO TideSpecflowProject.Utility.Log4Net - NavigateURL
2022-08-02 18:29:14,348 [NonParallelWorker] INFO TideSpecflowProject.Utility.Log4Net - ClickButton
2022-08-02 19:33:10,043 [NonParallelWorker] INFO TideSpecflowProject.Utility.Log4Net - FeatureWebsites
2022-08-02 19:33:12,096 [NonParallelWorker] INFO TideSpecflowProject.Utility.Log4Net - IntializeDriver
2022-08-02 19:33:12,098 [NonParallelWorker] INFO TideSpecflowProject.Utility.Log4Net - FeatureWebsites
2022-08-02 19:33:15,504 [NonParallelWorker] INFO TideSpecflowProject.Utility.Log4Net - NavigateURL
2022-08-02 19:33:22,021 [NonParallelWorker] INFO TideSpecflowProject.Utility.Log4Net - ClickButton
2022-08-02 19:33:28,381 [NonParallelWorker] INFO TideSpecflowProject.Utility.Log4Net - IntializeDriver
2022-08-02 19:33:28,381 [NonParallelWorker] INFO TideSpecflowProject.Utility.Log4Net - FeatureWebsites
2022-08-02 19:33:30,269 [NonParallelWorker] INFO TideSpecflowProject.Utility.Log4Net - NavigateURL
2022-08-02 19:33:30,891 [NonParallelWorker] INFO TideSpecflowProject.Utility.Log4Net - ClickCouponsAndRewards
2022-08-02 19:33:33,285 [NonParallelWorker] INFO TideSpecflowProject.Utility.Log4Net - IntializeDriver
2022-08-02 19:33:33,285 [NonParallelWorker] INFO TideSpecflowProject.Utility.Log4Net - FeatureWebsites
2022-08-02 19:33:50,962 [NonParallelWorker] INFO TideSpecflowProject.Utility.Log4Net - NavigateURL
2022-08-02 19:33:57,191 [NonParallelWorker] INFO TideSpecflowProject.Utility.Log4Net - ClickButton
2022-08-02 19:33:59,363 [NonParallelWorker] INFO TideSpecflowProject.Utility.Log4Net - ChooseLanguage
2022-08-02 19:34:01,936 [NonParallelWorker] INFO TideSpecflowProject.Utility.Log4Net - IntializeDriver
2022-08-02 19:34:01,936 [NonParallelWorker] INFO TideSpecflowProject.Utility.Log4Net - FeatureWebsites
2022-08-02 19:34:05,440 [NonParallelWorker] INFO TideSpecflowProject.Utility.Log4Net - NavigateURL
2022-08-02 19:34:11,927 [NonParallelWorker] INFO TideSpecflowProject.Utility.Log4Net - ClickButton
2022-08-02 19:34:12,338 [NonParallelWorker] INFO TideSpecflowProject.Utility.Log4Net - ScrollToElement
2022-08-02 19:34:15,204 [NonParallelWorker] INFO TideSpecflowProject.Utility.Log4Net - IntializeDriver
2022-08-02 19:34:15,204 [NonParallelWorker] INFO TideSpecflowProject.Utility.Log4Net - FeatureWebsites
2022-08-02 19:34:19,047 [NonParallelWorker] INFO TideSpecflowProject.Utility.Log4Net - NavigateURL
2022-08-02 19:34:25,532 [NonParallelWorker] INFO TideSpecflowProject.Utility.Log4Net - ClickOnLiveChat
2022-08-02 19:34:25,837 [NonParallelWorker] INFO TideSpecflowProject.Utility.Log4Net - ScrollToElement
2022-08-02 19:34:32,024 [NonParallelWorker] INFO TideSpecflowProject.Utility.Log4Net - IntializeDriver
2022-08-02 19:34:32,024 [NonParallelWorker] INFO TideSpecflowProject.Utility.Log4Net - FeatureWebsites
2022-08-02 19:34:35,085 [NonParallelWorker] INFO TideSpecflowProject.Utility.Log4Net - NavigateURL
2022-08-02 19:34:41,705 [NonParallelWorker] INFO TideSpecflowProject.Utility.Log4Net - ClickButton
2022-08-02 19:34:44,174 [NonParallelWorker] INFO TideSpecflowProject.Utility.Log4Net - IntializeDriver
2022-08-02 19:34:44,174 [NonParallelWorker] INFO TideSpecflowProject.Utility.Log4Net - FeatureWebsites
2022-08-02 19:34:47,792 [NonParallelWorker] INFO TideSpecflowProject.Utility.Log4Net - NavigateURL
2022-08-02 19:34:57,330 [NonParallelWorker] INFO TideSpecflowProject.Utility.Log4Net - ClickButton
2022-08-02 19:35:02,383 [NonParallelWorker] INFO TideSpecflowProject.Utility.Log4Net - ExploreTheReport
2022-08-02 19:35:04,757 [NonParallelWorker] INFO TideSpecflowProject.Utility.Log4Net - IntializeDriver
2022-08-02 19:35:04,757 [NonParallelWorker] INFO TideSpecflowProject.Utility.Log4Net - FeatureWebsites
2022-08-02 19:35:08,419 [NonParallelWorker] INFO TideSpecflowProject.Utility.Log4Net - NavigateURL
2022-08-02 19:35:14,689 [NonParallelWorker] INFO TideSpecflowProject.Utility.Log4Net - ClickOnSearchBar
2022-08-02 19:35:15,580 [NonParallelWorker] INFO TideSpecflowProject.Utility.Log4Net - PutValueInSearchBar
2022-08-02 19:35:18,218 [NonParallelWorker] INFO TideSpecflowProject.Utility.Log4Net - IntializeDriver
2022-08-02 19:35:18,218 [NonParallelWorker] INFO TideSpecflowProject.Utility.Log4Net - FeatureWebsites
2022-08-02 19:35:36,447 [NonParallelWorker] INFO TideSpecflowProject.Utility.Log4Net - NavigateURL
2022-08-02 19:35:40,799 [NonParallelWorker] INFO TideSpecflowProject.Utility.Log4Net - ClickButton
2022-08-02 19:35:58,461 [NonParallelWorker] INFO TideSpecflowProject.Utility.Log4Net - SelectProduct
2022-08-02 19:36:06,321 [NonParallelWorker] INFO TideSpecflowProject.Utility.Log4Net - IntializeDriver
2022-08-02 19:36:06,321 [NonParallelWorker] INFO TideSpecflowProject.Utility.Log4Net - FeatureWebsites
2022-08-02 19:36:14,328 [NonParallelWorker] INFO TideSpecflowProject.Utility.Log4Net - NavigateURL
2022-08-02 19:36:20,834 [NonParallelWorker] INFO TideSpecflowProject.Utility.Log4Net - ClickButton
